# JRE version: Java(TM) SE Runtime Environment (8.0_144-b01) (build 1.8.0_144-b01)
# Java VM: Java HotSpot(TM) 64-Bit Server VM (25.144-b01 mixed mode linux-amd64 compressed oops)
Heap:
 PSYoungGen      total 43520K, used 24181K [0x00000000d7100000, 0x00000000dab00000, 0x0000000100000000)
  eden space 28672K, 76% used [0x00000000d7100000,0x00000000d8656330,0x00000000d8d00000)
  from space 14848K, 15% used [0x00000000d9c00000,0x00000000d9e47210,0x00000000daa80000)
  to   space 15360K, 0% used [0x00000000d8d00000,0x00000000d8d00000,0x00000000d9c00000)
 ParOldGen       total 84992K, used 23658K [0x0000000085200000, 0x000000008a500000, 0x00000000d7100000)
  object space 84992K, 27% used [0x0000000085200000,0x000000008691a8d8,0x000000008a500000)
 Metaspace       used 12903K, capacity 13194K, committed 13312K, reserved 1060864K
  class space    used 1364K, capacity 1442K, committed 1536K, reserved 1048576K
GC Heap History (10 events):
Event: 187.627 GC heap before
{Heap before GC invocations=6 (full 0):
 PSYoungGen      total 36352K, used 34930K [0x00000000d7100000, 0x00000000daf80000, 0x0000000100000000)
  eden space 31232K, 95% used [0x00000000d7100000,0x00000000d8e24920,0x00000000d8f80000)
  from space 5120K, 99% used [0x00000000d9000000,0x00000000d94f8260,0x00000000d9500000)
  to   space 16384K, 0% used [0x00000000d9f80000,0x00000000d9f80000,0x00000000daf80000)
 ParOldGen       total 84992K, used 20558K [0x0000000085200000, 0x000000008a500000, 0x00000000d7100000)
  object space 84992K, 24% used [0x0000000085200000,0x0000000086613998,0x000000008a500000)
 Metaspace       used 12575K, capacity 12830K, committed 13056K, reserved 1060864K
  class space    used 1344K, capacity 1435K, committed 1536K, reserved 1048576K
Event: 187.643 GC heap after
Heap after GC invocations=6 (full 0):
 PSYoungGen      total 45568K, used 5248K [0x00000000d7100000, 0x00000000dae00000, 0x0000000100000000)
  eden space 30720K, 0% used [0x00000000d7100000,0x00000000d7100000,0x00000000d8f00000)
  from space 14848K, 35% used [0x00000000d9f80000,0x00000000da4a0280,0x00000000dae00000)
  to   space 15872K, 0% used [0x00000000d8f00000,0x00000000d8f00000,0x00000000d9e80000)
 ParOldGen       total 84992K, used 20566K [0x0000000085200000, 0x000000008a500000, 0x00000000d7100000)
  object space 84992K, 24% used [0x0000000085200000,0x0000000086615998,0x000000008a500000)
 Metaspace       used 12575K, capacity 12830K, committed 13056K, reserved 1060864K
  class space    used 1344K, capacity 1435K, committed 1536K, reserved 1048576K
}
Event: 215.800 GC heap before
{Heap before GC invocations=7 (full 0):
 PSYoungGen      total 45568K, used 35020K [0x00000000d7100000, 0x00000000dae00000, 0x0000000100000000)
  eden space 30720K, 96% used [0x00000000d7100000,0x00000000d8e13060,0x00000000d8f00000)
  from space 14848K, 35% used [0x00000000d9f80000,0x00000000da4a0280,0x00000000dae00000)
  to   space 15872K, 0% used [0x00000000d8f00000,0x00000000d8f00000,0x00000000d9e80000)
 ParOldGen       total 84992K, used 20566K [0x0000000085200000, 0x000000008a500000, 0x00000000d7100000)
  object space 84992K, 24% used [0x0000000085200000,0x0000000086615998,0x000000008a500000)
 Metaspace       used 12620K, capacity 12912K, committed 13056K, reserved 1060864K
  class space    used 1346K, capacity 1437K, committed 1536K, reserved 1048576K
Event: 215.817 GC heap after
Heap after GC invocations=7 (full 0):
 PSYoungGen      total 46080K, used 2332K [0x00000000d7100000, 0x00000000dae80000, 0x0000000100000000)
  eden space 30208K, 0% used [0x00000000d7100000,0x00000000d7100000,0x00000000d8e80000)
  from space 15872K, 14% used [0x00000000d8f00000,0x00000000d9147210,0x00000000d9e80000)
  to   space 16384K, 0% used [0x00000000d9e80000,0x00000000d9e80000,0x00000000dae80000)
 ParOldGen       total 84992K, used 23409K [0x0000000085200000, 0x000000008a500000, 0x00000000d7100000)
  object space 84992K, 27% used [0x0000000085200000,0x00000000868dc648,0x000000008a500000)
 Metaspace       used 12620K, capacity 12912K, committed 13056K, reserved 1060864K
  class space    used 1346K, capacity 1437K, committed 1536K, reserved 1048576K
}
Event: 217.227 GC heap before
{Heap before GC invocations=8 (full 0):
 PSYoungGen      total 46080K, used 31579K [0x00000000d7100000, 0x00000000dae80000, 0x0000000100000000)
  eden space 30208K, 96% used [0x00000000d7100000,0x00000000d8d8fd38,0x00000000d8e80000)
  from space 15872K, 14% used [0x00000000d8f00000,0x00000000d9147210,0x00000000d9e80000)
  to   space 16384K, 0% used [0x00000000d9e80000,0x00000000d9e80000,0x00000000dae80000)
 ParOldGen       total 84992K, used 23409K [0x0000000085200000, 0x000000008a500000, 0x00000000d7100000)
  object space 84992K, 27% used [0x0000000085200000,0x00000000868dc648,0x000000008a500000)
 Metaspace       used 12633K, capacity 12912K, committed 13056K, reserved 1060864K
  class space    used 1346K, capacity 1437K, committed 1536K, reserved 1048576K
Event: 217.235 GC heap after
Heap after GC invocations=8 (full 0):
 PSYoungGen      total 44544K, used 6389K [0x00000000d7100000, 0x00000000dad00000, 0x0000000100000000)
  eden space 29696K, 0% used [0x00000000d7100000,0x00000000d7100000,0x00000000d8e00000)
  from space 14848K, 43% used [0x00000000d9e80000,0x00000000da4bd630,0x00000000dad00000)
  to   space 15872K, 0% used [0x00000000d8e00000,0x00000000d8e00000,0x00000000d9d80000)
 ParOldGen       total 84992K, used 23473K [0x0000000085200000, 0x000000008a500000, 0x00000000d7100000)
  object space 84992K, 27% used [0x0000000085200000,0x00000000868ec648,0x000000008a500000)
 Metaspace       used 12633K, capacity 12912K, committed 13056K, reserved 1060864K
  class space    used 1346K, capacity 1437K, committed 1536K, reserved 1048576K
}
Event: 264.709 GC heap before
{Heap before GC invocations=9 (full 0):
 PSYoungGen      total 44544K, used 34148K [0x00000000d7100000, 0x00000000dad00000, 0x0000000100000000)
  eden space 29696K, 93% used [0x00000000d7100000,0x00000000d8c1b9e8,0x00000000d8e00000)
  from space 14848K, 43% used [0x00000000d9e80000,0x00000000da4bd630,0x00000000dad00000)
  to   space 15872K, 0% used [0x00000000d8e00000,0x00000000d8e00000,0x00000000d9d80000)
 ParOldGen       total 84992K, used 23473K [0x0000000085200000, 0x000000008a500000, 0x00000000d7100000)
  object space 84992K, 27% used [0x0000000085200000,0x00000000868ec648,0x000000008a500000)
 Metaspace       used 12683K, capacity 12986K, committed 13312K, reserved 1060864K
  class space    used 1347K, capacity 1439K, committed 1536K, reserved 1048576K
Event: 264.718 GC heap after
Heap after GC invocations=9 (full 0):
 PSYoungGen      total 35840K, used 6389K [0x00000000d7100000, 0x00000000daa80000, 0x0000000100000000)
  eden space 29184K, 0% used [0x00000000d7100000,0x00000000d7100000,0x00000000d8d80000)
  from space 6656K, 95% used [0x00000000d8e00000,0x00000000d943d630,0x00000000d9480000)
  to   space 14848K, 0% used [0x00000000d9c00000,0x00000000d9c00000,0x00000000daa80000)
 ParOldGen       total 84992K, used 23581K [0x0000000085200000, 0x000000008a500000, 0x00000000d7100000)
  object space 84992K, 27% used [0x0000000085200000,0x0000000086907790,0x000000008a500000)
 Metaspace       used 12683K, capacity 12986K, committed 13312K, reserved 1060864K
  class space    used 1347K, capacity 1439K, committed 1536K, reserved 1048576K
}
Event: 277.113 GC heap before
{Heap before GC invocations=10 (full 0):
 PSYoungGen      total 35840K, used 34121K [0x00000000d7100000, 0x00000000daa80000, 0x0000000100000000)
  eden space 29184K, 95% used [0x00000000d7100000,0x00000000d8c14f30,0x00000000d8d80000)
  from space 6656K, 95% used [0x00000000d8e00000,0x00000000d943d630,0x00000000d9480000)
  to   space 14848K, 0% used [0x00000000d9c00000,0x00000000d9c00000,0x00000000daa80000)
 ParOldGen       total 84992K, used 23581K [0x0000000085200000, 0x000000008a500000, 0x00000000d7100000)
  object space 84992K, 27% used [0x0000000085200000,0x0000000086907790,0x000000008a500000)
 Metaspace       used 12738K, capacity 12996K, committed 13312K, reserved 1060864K
  class space    used 1354K, capacity 1441K, committed 1536K, reserved 1048576K
Event: 277.117 GC heap after
Heap after GC invocations=10 (full 0):
 PSYoungGen      total 43520K, used 2332K [0x00000000d7100000, 0x00000000dab00000, 0x0000000100000000)
  eden space 28672K, 0% used [0x00000000d7100000,0x00000000d7100000,0x00000000d8d00000)
  from space 14848K, 15% used [0x00000000d9c00000,0x00000000d9e47210,0x00000000daa80000)
  to   space 15360K, 0% used [0x00000000d8d00000,0x00000000d8d00000,0x00000000d9c00000)
 ParOldGen       total 84992K, used 23658K [0x0000000085200000, 0x000000008a500000, 0x00000000d7100000)
  object space 84992K, 27% used [0x0000000085200000,0x000000008691a8d8,0x000000008a500000)
 Metaspace       used 12738K, capacity 12996K, committed 13312K, reserved 1060864K
  class space    used 1354K, capacity 1441K, committed 1536K, reserved 1048576K
}

